[20:52:02] [main/INFO]: Setting user: Player196
[20:52:03] [Client thread/INFO]: LWJGL Version: 2.9.1
[20:52:12] [Client thread/INFO]: Reloading ResourceManager: Default, FMLFileResourcePack:Forge Mod Loader, FMLFileResourcePack:Minecraft Forge, FMLFileResourcePack:testMod
[20:52:13] [Sound Library Loader/INFO]: Sound engine started
[20:52:14] [Client thread/INFO]: Created: 16x16 textures/blocks-atlas
[20:52:14] [Client thread/INFO]: Created: 16x16 textures/items-atlas
[20:52:14] [Client thread/INFO]: Reloading ResourceManager: Default, FMLFileResourcePack:Forge Mod Loader, FMLFileResourcePack:Minecraft Forge, FMLFileResourcePack:testMod
[20:52:14] [Client thread/INFO]: Created: 512x256 textures/blocks-atlas
[20:52:14] [Client thread/INFO]: Created: 256x256 textures/items-atlas
[20:52:15] [Sound Library Loader/INFO]: Sound engine started
[20:52:22] [Server thread/INFO]: Starting integrated minecraft server version 1.7.10
[20:52:22] [Server thread/INFO]: Generating keypair
[20:52:22] [Server thread/INFO]: Preparing start region for level 0
[20:52:23] [Server thread/INFO]: Changing view distance to 8, from 10
[20:52:23] [Server thread/INFO]: Player196[local:E:8fd90018] logged in with entity id 241 at (-315.6881455741332, 4.0, -1095.0103564147225)
[20:52:23] [Server thread/INFO]: Player196 joined the game
[20:52:29] [Server thread/INFO]: Player196 has just earned the achievement [Taking Inventory]
[20:52:29] [Client thread/INFO]: [CHAT] Player196 has just earned the achievement [Taking Inventory]
[20:52:38] [Server thread/INFO]: Saving and pausing game...
[20:52:38] [Server thread/INFO]: Saving chunks for level 'New World'/Overworld
[20:52:38] [Server thread/INFO]: Saving chunks for level 'New World'/Nether
[20:52:38] [Server thread/INFO]: Saving chunks for level 'New World'/The End
[20:52:48] [Server thread/INFO]: Stopping server
[20:52:48] [Server thread/INFO]: Saving players
[20:52:48] [Server thread/INFO]: Saving worlds
[20:52:48] [Server thread/INFO]: Saving chunks for level 'New World'/Overworld
[20:52:48] [Server thread/INFO]: Saving chunks for level 'New World'/Nether
[20:52:48] [Server thread/INFO]: Saving chunks for level 'New World'/The End
[20:52:50] [Client thread/INFO]: Stopping!
